Using pre-set license
Built from '2020.2/release' branch; Version is '2020.2.2f1 (068178b99f32) revision 426360'; Using compiler version '192528614'; Build Type 'Release'
OS: 'Windows 10 Pro; OS build 19045.2486; Version 2009; 64bit' Language: 'ru' Physical Memory: 7112 MB
BatchMode: 1, IsHumanControllingUs: 0, StartBugReporterOnCrash: 0, Is64bit: 1, IsPro: 0

 COMMAND LINE ARGUMENTS:
C:\Program Files\Unity\Hub\Editor\2020.2.2f1\Editor\Unity.exe
-adb2
-batchMode
-noUpm
-name
AssetImportWorker0
-projectPath
C:/Users/Dmitry/Battle of tanks
-logFile
Logs/AssetImportWorker0.log
-srvPort
60642
Successfully changed project path to: C:/Users/Dmitry/Battle of tanks
C:/Users/Dmitry/Battle of tanks
Using Asset Import Pipeline V2.
Refreshing native plugins compatible for Editor in 111.81 ms, found 1 plugins.
Preloading 0 native plugins for Editor in 0.00 ms.
Initialize engine version: 2020.2.2f1 (068178b99f32)
[Subsystems] Discovering subsystems at path C:/Program Files/Unity/Hub/Editor/2020.2.2f1/Editor/Data/Resources/UnitySubsystems
[Subsystems] Discovering subsystems at path C:/Users/Dmitry/Battle of tanks/Assets
GfxDevice: creating device client; threaded=0
Direct3D:
    Version:  Direct3D 11.0 [level 11.1]
    Renderer: NVIDIA GeForce GTX 1050 (ID=0x1c8d)
    Vendor:   
    VRAM:     1979 MB
    Driver:   27.21.14.6231
Initialize mono
Mono path[0] = 'C:/Program Files/Unity/Hub/Editor/2020.2.2f1/Editor/Data/Managed'
Mono path[1] = 'C:/Program Files/Unity/Hub/Editor/2020.2.2f1/Editor/Data/MonoBleedingEdge/lib/mono/unityjit'
Mono config path = 'C:/Program Files/Unity/Hub/Editor/2020.2.2f1/Editor/Data/MonoBleedingEdge/etc'
Using monoOptions --debugger-agent=transport=dt_socket,embedding=1,server=y,suspend=n,address=127.0.0.1:56372
Begin MonoManager ReloadAssembly
Registering precompiled unity dll's ...
Register platform support module: C:/Program Files/Unity/Hub/Editor/2020.2.2f1/Editor/Data/PlaybackEngines/WindowsStandaloneSupport/UnityEditor.WindowsStandalone.Extensions.dll
Registered in 0.005633 seconds.
Native extension for WindowsStandalone target not found
Refreshing native plugins compatible for Editor in 64.77 ms, found 1 plugins.
Preloading 0 native plugins for Editor in 0.00 ms.
Invoked RoslynAnalysisRunner static constructor.
RoslynAnalysisRunner will not be running.
RoslynAnalysisRunner has terminated.
Mono: successfully reloaded assembly
- Completed reload, in  9.687 seconds
Platform modules already initialized, skipping
Registering precompiled user dll's ...
Registered in 0.035438 seconds.
Begin MonoManager ReloadAssembly
Native extension for WindowsStandalone target not found
Refreshing native plugins compatible for Editor in 64.26 ms, found 1 plugins.
Preloading 0 native plugins for Editor in 0.00 ms.
UnityIAP: [InitializeOnLoad] Facebook Check
UnityIAP: Runtime [2020.2.2f1]
UnityIAP: Current Build is Android:StandaloneWindows
UnityIAP: stub FacebookStore.dll disabled
Invoked RoslynAnalysisRunner static constructor.
RoslynAnalysisRunner will not be running.
RoslynAnalysisRunner has terminated.
Mono: successfully reloaded assembly
- Completed reload, in  1.961 seconds
Platform modules already initialized, skipping
========================================================================
Worker process is ready to serve import requests
Launched and connected shader compiler UnityShaderCompiler.exe after 0.08 seconds
Refreshing native plugins compatible for Editor in 0.85 ms, found 1 plugins.
Preloading 0 native plugins for Editor in 0.00 ms.
Unloading 1914 Unused Serialized files (Serialized files now loaded: 0)
System memory in use before: 87.6 MB.
System memory in use after: 87.6 MB.

Unloading 59 unused Assets to reduce memory usage. Loaded Objects now: 2340.
Total: 10.218700 ms (FindLiveObjects: 0.628700 ms CreateObjectMapping: 0.572400 ms MarkObjects: 8.822300 ms  DeleteObjects: 0.193100 ms)

========================================================================
Received Import Request.
  path: Assets/Plugins/Android/mainTemplate.gradle.DISABLED
  artifactKey: Guid(79de19c8e0f6bc64690573fbbcb53056) Importer(815301076,1909f56bfc062723c751e8b465ee728b)
Start importing Assets/Plugins/Android/mainTemplate.gradle.DISABLED using Guid(79de19c8e0f6bc64690573fbbcb53056) Importer(815301076,1909f56bfc062723c751e8b465ee728b)  -> (artifact id: '35349e5e79750f8e61d6d7ddd0a26454') in 0.053627 seconds
  Import took 0.059879 seconds .

========================================================================
Received Import Request.
  Time since last request: 0.000364 seconds.
  path: Assets/Plugins/Android/baseProjectTemplate.gradle.DISABLED
  artifactKey: Guid(6aa2654149d035f4a9d0013a1394e05b) Importer(815301076,1909f56bfc062723c751e8b465ee728b)
Start importing Assets/Plugins/Android/baseProjectTemplate.gradle.DISABLED using Guid(6aa2654149d035f4a9d0013a1394e05b) Importer(815301076,1909f56bfc062723c751e8b465ee728b)  -> (artifact id: 'fe971aecb027dac5d78c2bc6d4a119af') in 0.012599 seconds
  Import took 0.018405 seconds .

========================================================================
Received Import Request.
  Time since last request: 765.404161 seconds.
  path: Assets/GoogleMobileAds/link.xml
  artifactKey: Guid(d6461f9591d240498f49453b73a48552) Importer(815301076,1909f56bfc062723c751e8b465ee728b)
Start importing Assets/GoogleMobileAds/link.xml using Guid(d6461f9591d240498f49453b73a48552) Importer(815301076,1909f56bfc062723c751e8b465ee728b)  -> (artifact id: 'ac77103af8cfe4c5c8a98c282ea0c41e') in 0.067456 seconds
  Import took 0.078094 seconds .

========================================================================
Received Import Request.
  Time since last request: 28918.697358 seconds.
  path: Assets/Plugins/Android/googlemobileads-unity.aar
  artifactKey: Guid(f6190f2d34454c59917a4c1305f171d3) Importer(815301076,1909f56bfc062723c751e8b465ee728b)
Start importing Assets/Plugins/Android/googlemobileads-unity.aar using Guid(f6190f2d34454c59917a4c1305f171d3) Importer(815301076,1909f56bfc062723c751e8b465ee728b)  -> (artifact id: 'f59fe716c968b01ad2c21d78fe543ea1') in 0.051777 seconds
  Import took 0.109279 seconds .

AssetImportWorkerClient::OnTransportError - code=2 error=End of file
