Using pre-set license
Built from '2020.2/release' branch; Version is '2020.2.2f1 (068178b99f32) revision 426360'; Using compiler version '192528614'; Build Type 'Release'
OS: 'Windows 10 Pro; OS build 19045.2486; Version 2009; 64bit' Language: 'ru' Physical Memory: 7112 MB
BatchMode: 1, IsHumanControllingUs: 0, StartBugReporterOnCrash: 0, Is64bit: 1, IsPro: 0

 COMMAND LINE ARGUMENTS:
C:\Program Files\Unity\Hub\Editor\2020.2.2f1\Editor\Unity.exe
-adb2
-batchMode
-noUpm
-name
AssetImportWorker0
-projectPath
C:/Users/Dmitry/Battle of tanks
-logFile
Logs/AssetImportWorker0.log
-srvPort
51523
Successfully changed project path to: C:/Users/Dmitry/Battle of tanks
C:/Users/Dmitry/Battle of tanks
Using Asset Import Pipeline V2.
Refreshing native plugins compatible for Editor in 288.22 ms, found 1 plugins.
Preloading 0 native plugins for Editor in 0.00 ms.
Initialize engine version: 2020.2.2f1 (068178b99f32)
[Subsystems] Discovering subsystems at path C:/Program Files/Unity/Hub/Editor/2020.2.2f1/Editor/Data/Resources/UnitySubsystems
[Subsystems] Discovering subsystems at path C:/Users/Dmitry/Battle of tanks/Assets
GfxDevice: creating device client; threaded=0
Direct3D:
    Version:  Direct3D 11.0 [level 11.1]
    Renderer: NVIDIA GeForce GTX 1050 (ID=0x1c8d)
    Vendor:   
    VRAM:     1979 MB
    Driver:   27.21.14.6231
Initialize mono
Mono path[0] = 'C:/Program Files/Unity/Hub/Editor/2020.2.2f1/Editor/Data/Managed'
Mono path[1] = 'C:/Program Files/Unity/Hub/Editor/2020.2.2f1/Editor/Data/MonoBleedingEdge/lib/mono/unityjit'
Mono config path = 'C:/Program Files/Unity/Hub/Editor/2020.2.2f1/Editor/Data/MonoBleedingEdge/etc'
Using monoOptions --debugger-agent=transport=dt_socket,embedding=1,server=y,suspend=n,address=127.0.0.1:56412
Begin MonoManager ReloadAssembly
Registering precompiled unity dll's ...
Register platform support module: C:/Program Files/Unity/Hub/Editor/2020.2.2f1/Editor/Data/PlaybackEngines/WindowsStandaloneSupport/UnityEditor.WindowsStandalone.Extensions.dll
Registered in 0.004043 seconds.
Native extension for WindowsStandalone target not found
Refreshing native plugins compatible for Editor in 71.10 ms, found 1 plugins.
Preloading 0 native plugins for Editor in 0.00 ms.
Invoked RoslynAnalysisRunner static constructor.
RoslynAnalysisRunner will not be running.
RoslynAnalysisRunner has terminated.
Mono: successfully reloaded assembly
- Completed reload, in 15.964 seconds
Platform modules already initialized, skipping
Registering precompiled user dll's ...
Registered in 0.043285 seconds.
Begin MonoManager ReloadAssembly
Native extension for WindowsStandalone target not found
Refreshing native plugins compatible for Editor in 64.07 ms, found 1 plugins.
Preloading 0 native plugins for Editor in 0.00 ms.
UnityIAP: [InitializeOnLoad] Facebook Check
UnityIAP: Runtime [2020.2.2f1]
UnityIAP: Current Build is Android:StandaloneWindows
UnityIAP: stub FacebookStore.dll disabled
Invoked RoslynAnalysisRunner static constructor.
RoslynAnalysisRunner will not be running.
RoslynAnalysisRunner has terminated.
Mono: successfully reloaded assembly
- Completed reload, in  2.052 seconds
Platform modules already initialized, skipping
========================================================================
Worker process is ready to serve import requests
Launched and connected shader compiler UnityShaderCompiler.exe after 0.12 seconds
Refreshing native plugins compatible for Editor in 1.07 ms, found 1 plugins.
Preloading 0 native plugins for Editor in 0.00 ms.
Unloading 1959 Unused Serialized files (Serialized files now loaded: 0)
System memory in use before: 89.2 MB.
System memory in use after: 89.1 MB.

Unloading 104 unused Assets to reduce memory usage. Loaded Objects now: 2340.
Total: 12.574000 ms (FindLiveObjects: 0.362700 ms CreateObjectMapping: 0.105400 ms MarkObjects: 11.770900 ms  DeleteObjects: 0.331300 ms)

========================================================================
Received Import Request.
  path: Assets/Plugins/Android/mainTemplate.gradle
  artifactKey: Guid(79de19c8e0f6bc64690573fbbcb53056) Importer(815301076,1909f56bfc062723c751e8b465ee728b)
Start importing Assets/Plugins/Android/mainTemplate.gradle using Guid(79de19c8e0f6bc64690573fbbcb53056) Importer(815301076,1909f56bfc062723c751e8b465ee728b)  -> (artifact id: '361badba83efc690d022c81e5f054bf6') in 0.061856 seconds
  Import took 0.069279 seconds .

========================================================================
Received Prepare
Refreshing native plugins compatible for Editor in 45.00 ms, found 1 plugins.
Preloading 0 native plugins for Editor in 0.00 ms.
Unloading 90 Unused Serialized files (Serialized files now loaded: 0)
System memory in use before: 52.2 MB.
System memory in use after: 52.2 MB.

Unloading 90 unused Assets to reduce memory usage. Loaded Objects now: 2340.
Total: 10.095600 ms (FindLiveObjects: 0.593700 ms CreateObjectMapping: 0.111900 ms MarkObjects: 9.197200 ms  DeleteObjects: 0.189600 ms)

========================================================================
Received Import Request.
  Time since last request: 345.745562 seconds.
  path: Assets/GoogleMobileAds/Editor/ManifestProcessor.cs
  artifactKey: Guid(c9ee5d47594eb43a19e795c834fdc044) Importer(815301076,1909f56bfc062723c751e8b465ee728b)
Start importing Assets/GoogleMobileAds/Editor/ManifestProcessor.cs using Guid(c9ee5d47594eb43a19e795c834fdc044) Importer(815301076,1909f56bfc062723c751e8b465ee728b)  -> (artifact id: 'c67d1daef4a59d1c7991718b208ccff6') in 0.041232 seconds
  Import took 0.054822 seconds .

========================================================================
Received Import Request.
  Time since last request: 607.427476 seconds.
  path: Assets/GoogleMobileAds/Editor/GoogleMobileAdsSettingsEditor.cs
  artifactKey: Guid(8afb1338afbd34c4fac628cd6175c032) Importer(815301076,1909f56bfc062723c751e8b465ee728b)
Start importing Assets/GoogleMobileAds/Editor/GoogleMobileAdsSettingsEditor.cs using Guid(8afb1338afbd34c4fac628cd6175c032) Importer(815301076,1909f56bfc062723c751e8b465ee728b)  -> (artifact id: '5589862d3079828abbb360c845bb94a5') in 0.016034 seconds
  Import took 0.086372 seconds .

========================================================================
Received Import Request.
  Time since last request: 7.829114 seconds.
  path: Assets/GoogleMobileAds/Editor/GoogleMobileAdsSettings.cs
  artifactKey: Guid(a187246822bbb47529482707f3e0eff8) Importer(815301076,1909f56bfc062723c751e8b465ee728b)
Start importing Assets/GoogleMobileAds/Editor/GoogleMobileAdsSettings.cs using Guid(a187246822bbb47529482707f3e0eff8) Importer(815301076,1909f56bfc062723c751e8b465ee728b)  -> (artifact id: 'd4efb1460d5c6f7dc7bcd2db94d563ac') in 0.016443 seconds
  Import took 0.026212 seconds .

========================================================================
Received Prepare
Refreshing native plugins compatible for Editor in 188.20 ms, found 1 plugins.
Preloading 0 native plugins for Editor in 0.00 ms.
Unloading 45 Unused Serialized files (Serialized files now loaded: 0)
System memory in use before: 51.1 MB.
System memory in use after: 51.1 MB.

Unloading 45 unused Assets to reduce memory usage. Loaded Objects now: 2340.
Total: 168.740600 ms (FindLiveObjects: 0.668600 ms CreateObjectMapping: 0.129200 ms MarkObjects: 167.434400 ms  DeleteObjects: 0.504600 ms)

========================================================================
Received Prepare
Refreshing native plugins compatible for Editor in 16.81 ms, found 1 plugins.
Preloading 0 native plugins for Editor in 0.00 ms.
Unloading 45 Unused Serialized files (Serialized files now loaded: 0)
System memory in use before: 51.2 MB.
System memory in use after: 51.2 MB.

Unloading 45 unused Assets to reduce memory usage. Loaded Objects now: 2340.
Total: 11.790300 ms (FindLiveObjects: 0.283000 ms CreateObjectMapping: 0.068700 ms MarkObjects: 11.143400 ms  DeleteObjects: 0.291700 ms)

========================================================================
Received Prepare
Refreshing native plugins compatible for Editor in 19.06 ms, found 1 plugins.
Preloading 0 native plugins for Editor in 0.00 ms.
Unloading 45 Unused Serialized files (Serialized files now loaded: 0)
System memory in use before: 51.3 MB.
System memory in use after: 51.3 MB.

Unloading 45 unused Assets to reduce memory usage. Loaded Objects now: 2340.
Total: 10.115100 ms (FindLiveObjects: 0.360000 ms CreateObjectMapping: 0.115400 ms MarkObjects: 9.457600 ms  DeleteObjects: 0.179300 ms)

AssetImportWorkerClient::OnTransportError - code=2 error=End of file
